<?xml version="1.0" encoding="UTF-8"?>
<!-- Generated by org.testng.reporters.JUnitReportReporter -->
<testsuite hostname="WKWZTgeBiORINJI" failures="0" tests="1" name="Day4.ReadingExcel" time="0.417" errors="0" timestamp="2022-11-23T12:17:10 IST" skipped="0">
  <testcase classname="Day4.ReadingExcel" name="testData" time="0.417"/>
  <system-out/>
</testsuite> <!-- Day4.ReadingExcel -->
