<?xml version="1.0" encoding="UTF-8"?>
<!-- Generated by org.testng.reporters.JUnitReportReporter -->
<testsuite hostname="WKWZTgeBiORINJI" failures="0" tests="4" name="Day3.SmokeTest" time="14.398" errors="0" timestamp="2022-11-22T18:21:46 IST" skipped="0">
  <testcase classname="Day3.SmokeTest" name="verifySocialMediaCount" time="3.576"/>
  <system-out/>
  <testcase classname="Day3.SmokeTest" name="verifyURL" time="3.585"/>
  <system-out/>
  <testcase classname="Day3.SmokeTest" name="verifyTitle" time="3.577"/>
  <system-out/>
  <testcase classname="Day3.SmokeTest" name="verifyForgetPassword" time="3.660"/>
  <system-out/>
</testsuite> <!-- Day3.SmokeTest -->
