<?xml version="1.0" encoding="UTF-8"?>
<!-- Generated by org.testng.reporters.JUnitReportReporter -->
<testsuite hostname="WKWZTgeBiORINJI" failures="0" tests="5" name="Day5.BrowserStack" time="57.085" errors="0" timestamp="2022-11-24T13:07:14 IST" skipped="0">
  <testcase classname="Day5.BrowserStack" name="test" time="12.702"/>
  <system-out/>
  <testcase classname="Day5.BrowserStack" name="test" time="19.186"/>
  <system-out/>
  <testcase classname="Day5.BrowserStack" name="test" time="9.789"/>
  <system-out/>
  <testcase classname="Day5.BrowserStack" name="test" time="6.703"/>
  <system-out/>
  <testcase classname="Day5.BrowserStack" name="test" time="8.705"/>
  <system-out/>
</testsuite> <!-- Day5.BrowserStack -->
