<?xml version="1.0" encoding="UTF-8"?>
<!-- Generated by org.testng.reporters.JUnitReportReporter -->
<testsuite hostname="WKWZTgeBiORINJI" failures="0" tests="1" name="Day2.HandleAlertCaptureText" time="23.074" errors="0" timestamp="2022-11-22T18:21:46 IST" skipped="0">
  <testcase classname="Day2.HandleAlertCaptureText" name="handlealertcapture" time="23.074"/>
  <system-out/>
</testsuite> <!-- Day2.HandleAlertCaptureText -->
