<?xml version="1.0" encoding="UTF-8"?>
<!-- Generated by org.testng.reporters.JUnitReportReporter -->
<testsuite hostname="WKWZTgeBiORINJI" failures="0" tests="4" name="Day3.MyFirstTestNGTest" time="0.004" errors="0" timestamp="2022-11-22T18:21:46 IST" skipped="0">
  <testcase classname="Day3.MyFirstTestNGTest" name="login" time="0.000"/>
  <system-out/>
  <testcase classname="Day3.MyFirstTestNGTest" name="createAccount" time="0.001"/>
  <system-out/>
  <testcase classname="Day3.MyFirstTestNGTest" name="deleteAccount" time="0.002"/>
  <system-out/>
  <testcase classname="Day3.MyFirstTestNGTest" name="logoutFromApppLocation" time="0.001"/>
  <system-out/>
</testsuite> <!-- Day3.MyFirstTestNGTest -->
