<?xml version="1.0" encoding="UTF-8"?>
<!-- Generated by org.testng.reporters.JUnitReportReporter -->
<testsuite hostname="WKWZTgeBiORINJI" failures="0" tests="1" name="seleniumTrainingDay1.FacebookRegistration" time="22.151" errors="0" timestamp="2022-11-22T18:21:46 IST" skipped="0">
  <testcase classname="seleniumTrainingDay1.FacebookRegistration" name="facebookTest" time="22.151"/>
  <system-out/>
</testsuite> <!-- seleniumTrainingDay1.FacebookRegistration -->
