<?xml version="1.0" encoding="UTF-8"?>
<!-- Generated by org.testng.reporters.JUnitReportReporter -->
<testsuite hostname="WKWZTgeBiORINJI" failures="0" tests="1" name="Day5.FileUpload" time="5.229" errors="0" timestamp="2022-11-24T15:40:20 IST" skipped="0">
  <testcase classname="Day5.FileUpload" name="filedownload" time="5.229"/>
  <system-out/>
</testsuite> <!-- Day5.FileUpload -->
