<?xml version="1.0" encoding="UTF-8"?>
<!-- Generated by org.testng.reporters.JUnitReportReporter -->
<testsuite hostname="WKWZTgeBiORINJI" failures="0" tests="1" name="Day5.FileDownload" time="3.891" errors="0" timestamp="2022-11-24T13:08:26 IST" skipped="0">
  <testcase classname="Day5.FileDownload" name="filedownload" time="3.891"/>
  <system-out/>
</testsuite> <!-- Day5.FileDownload -->
