<?xml version="1.0" encoding="UTF-8"?>
<!-- Generated by org.testng.reporters.JUnitReportReporter -->
<testsuite hostname="WKWZTgeBiORINJI" failures="0" tests="4" name="Day3.LoginTest" time="0.791" errors="0" timestamp="2022-11-22T18:21:46 IST" skipped="0">
  <testcase classname="Day3.LoginTest" name="verifywithinvalidusername" time="0.125"/>
  <system-out/>
  <testcase classname="Day3.LoginTest" name="verifywithinvalidusernameandpassword" time="0.443"/>
  <system-out/>
  <testcase classname="Day3.LoginTest" name="verifywithoutusernamepassword" time="0.053"/>
  <system-out/>
  <testcase classname="Day3.LoginTest" name="verifywithinvalidpassword" time="0.170"/>
  <system-out/>
</testsuite> <!-- Day3.LoginTest -->
