<?xml version="1.0" encoding="UTF-8"?>
<!-- Generated by org.testng.reporters.JUnitReportReporter -->
<testsuite hostname="WKWZTgeBiORINJI" failures="0" tests="1" name="Day2.HandleAlert" time="2.574" errors="0" timestamp="2022-11-22T18:21:46 IST" skipped="0">
  <testcase classname="Day2.HandleAlert" name="handle" time="2.574"/>
  <system-out/>
</testsuite> <!-- Day2.HandleAlert -->
