<?xml version="1.0" encoding="UTF-8"?>
<!-- Generated by org.testng.reporters.JUnitReportReporter -->
<testsuite hostname="WKWZTgeBiORINJI" failures="0" tests="4" name="Day3.LoginTest" time="1.065" errors="0" timestamp="2022-11-23T15:47:43 IST" skipped="0">
  <testcase classname="Day3.LoginTest" name="verifywithinvalidusernameandpassword" time="0.657"/>
  <system-out/>
  <testcase classname="Day3.LoginTest" name="verifywithoutusernamepassword" time="0.062"/>
  <system-out/>
  <testcase classname="Day3.LoginTest" name="verifywithinvalidusername" time="0.169"/>
  <system-out/>
  <testcase classname="Day3.LoginTest" name="verifywithinvalidpassword" time="0.177"/>
  <system-out/>
</testsuite> <!-- Day3.LoginTest -->
