<?xml version="1.0" encoding="UTF-8"?>
<!-- Generated by org.testng.reporters.JUnitReportReporter -->
<testsuite hostname="WKWZTgeBiORINJI" failures="0" tests="4" name="Day3.SmokeTest" time="14.487" errors="0" timestamp="2022-11-23T15:47:43 IST" skipped="0">
  <testcase classname="Day3.SmokeTest" name="verifySocialMediaCount" time="3.517"/>
  <system-out/>
  <testcase classname="Day3.SmokeTest" name="verifyForgetPassword" time="3.923"/>
  <system-out/>
  <testcase classname="Day3.SmokeTest" name="verifyTitle" time="3.405"/>
  <system-out/>
  <testcase classname="Day3.SmokeTest" name="verifyURL" time="3.642"/>
  <system-out/>
</testsuite> <!-- Day3.SmokeTest -->
